<?xml version="1.0" encoding="UTF-8"?>
<testsuite name="com.mz.cicd.poc.PocApplicationTests" tests="1" skipped="0" failures="0" errors="0" timestamp="2025-08-21T05:57:35.214Z" hostname="ip-172-31-15-71.ap-northeast-2.compute.internal" time="0.717">
  <properties/>
  <testcase name="contextLoads()" classname="com.mz.cicd.poc.PocApplicationTests" time="0.717"/>
  <system-out><![CDATA[05:57:32.157 [Test worker] INFO org.springframework.test.context.support.AnnotationConfigContextLoaderUtils -- Could not detect default configuration classes for test class [com.mz.cicd.poc.PocApplicationTests]: PocApplicationTests does not declare any static, non-private, non-final, nested classes annotated with @Configuration.
05:57:32.424 [Test worker] INFO org.springframework.boot.test.context.SpringBootTestContextBootstrapper -- Found @SpringBootConfiguration com.mz.cicd.poc.PocApplication for test class com.mz.cicd.poc.PocApplicationTests

  .   ____          _            __ _ _
 /\\ / ___'_ __ _ _(_)_ __  __ _ \ \ \ \
( ( )\___ | '_ | '_| | '_ \/ _` | \ \ \ \
 \\/  ___)| |_)| | | | | || (_| |  ) ) ) )
  '  |____| .__|_| |_|_| |_\__, | / / / /
 =========|_|==============|___/=/_/_/_/

 :: Spring Boot ::             (v4.0.0-M1)

2025-08-21T05:57:33.533Z  INFO 795708 --- [poc] [    Test worker] com.mz.cicd.poc.PocApplicationTests      : Starting PocApplicationTests using Java 17.0.16 with PID 795708 (started by jenkins in /var/lib/jenkins/workspace/KTds-POC)
2025-08-21T05:57:33.538Z  INFO 795708 --- [poc] [    Test worker] com.mz.cicd.poc.PocApplicationTests      : No active profile set, falling back to 1 default profile: "default"
2025-08-21T05:57:34.720Z  INFO 795708 --- [poc] [    Test worker] o.s.b.w.a.WelcomePageHandlerMapping      : Adding welcome page: class path resource [static/index.html]
2025-08-21T05:57:35.195Z  INFO 795708 --- [poc] [    Test worker] com.mz.cicd.poc.PocApplicationTests      : Started PocApplicationTests in 2.432 seconds (process running for 5.018)
]]></system-out>
  <system-err><![CDATA[]]></system-err>
</testsuite>
